<?xml version="1.0" encoding="UTF-8"?>
<testng-results ignored="0" total="1" passed="1" failed="0" skipped="0">
  <reporter-output>
  </reporter-output>
  <suite started-at="2023-07-22T01:19:44 IST" name="LoginTestSuite" finished-at="2023-07-22T01:19:58 IST" duration-ms="13923">
    <groups>
    </groups>
    <test started-at="2023-07-22T01:19:44 IST" name="LoginTestTest" finished-at="2023-07-22T01:19:58 IST" duration-ms="13923">
      <class name="com.eBanking.testCases.TC_LoginTest_001">
        <test-method is-config="true" signature="Setup(java.lang.String)[pri:0, instance:com.eBanking.testCases.TC_LoginTest_001@72967906]" started-at="2023-07-22T01:19:45 IST" name="Setup" finished-at="2023-07-22T01:19:48 IST" duration-ms="3528" status="PASS">
          <params>
            <param index="0">
              <value>
                <![CDATA[chrome]]>
              </value>
            </param>
          </params>
          <reporter-output>
          </reporter-output>
        </test-method> <!-- Setup -->
        <test-method signature="logintest()[pri:0, instance:com.eBanking.testCases.TC_LoginTest_001@72967906]" started-at="2023-07-22T01:19:48 IST" name="logintest" finished-at="2023-07-22T01:19:58 IST" duration-ms="9857" status="PASS">
          <reporter-output>
          </reporter-output>
        </test-method> <!-- logintest -->
        <test-method is-config="true" signature="tearDown()[pri:0, instance:com.eBanking.testCases.TC_LoginTest_001@72967906]" started-at="2023-07-22T01:19:58 IST" name="tearDown" finished-at="2023-07-22T01:19:58 IST" duration-ms="180" status="PASS">
          <reporter-output>
          </reporter-output>
        </test-method> <!-- tearDown -->
      </class> <!-- com.eBanking.testCases.TC_LoginTest_001 -->
    </test> <!-- LoginTestTest -->
  </suite> <!-- LoginTestSuite -->
</testng-results>
